<?xml version="1.0" encoding="UTF-8"?>
<!-- Generated by org.testng.reporters.JUnitReportReporter -->
<testsuite skipped="0" hostname="DESKTOP-1IL03V1" name="com.demo.SaleForceTest" tests="2" failures="0" timestamp="18 Jul 2019 23:35:58 GMT" time="24.367" errors="0">
  <testcase name="TC01_loginWithoutPassword" time="10.869" classname="com.demo.SaleForceTest"/>
  <testcase name="TC02_LoginToSFDC" time="13.498" classname="com.demo.SaleForceTest"/>
</testsuite> <!-- com.demo.SaleForceTest -->
