<?xml version="1.0" encoding="UTF-8"?>
<!-- Generated by org.testng.reporters.JUnitReportReporter -->
<testsuite skipped="22" hostname="DESKTOP-1IL03V1" name="SaleForceTest" tests="23" failures="0" timestamp="17 Jul 2019 22:36:23 GMT" time="33.144" errors="0">
  <testcase name="TC22_DefaultView" time="33.144" classname="SaleForceTest"/>
  <testcase name="TC19_QuarterlySummaryReport" classname="SaleForceTest">
    <skipped/>
  </testcase> <!-- TC19_QuarterlySummaryReport -->
  <testcase name="TC14_CreateAccountReport" classname="SaleForceTest">
    <skipped/>
  </testcase> <!-- TC14_CreateAccountReport -->
  <testcase name="TC18_StuckOpportunityReport" classname="SaleForceTest">
    <skipped/>
  </testcase> <!-- TC18_StuckOpportunityReport -->
  <testcase name="TC09_Logout" classname="SaleForceTest">
    <skipped/>
  </testcase> <!-- TC09_Logout -->
  <testcase name="TC04A_ForgotPassword" classname="SaleForceTest">
    <skipped/>
  </testcase> <!-- TC04A_ForgotPassword -->
  <testcase name="TC21_LeadsSelectView" classname="SaleForceTest">
    <skipped/>
  </testcase> <!-- TC21_LeadsSelectView -->
  <testcase name="TC01_loginWithoutPassword" classname="SaleForceTest">
    <skipped/>
  </testcase> <!-- TC01_loginWithoutPassword -->
  <testcase name="TC08_DevelopersConsole" classname="SaleForceTest">
    <skipped/>
  </testcase> <!-- TC08_DevelopersConsole -->
  <testcase name="TC16_CreateNewOpportunity" classname="SaleForceTest">
    <skipped/>
  </testcase> <!-- TC16_CreateNewOpportunity -->
  <testcase name="TC10_CreateAnAccount" classname="SaleForceTest">
    <skipped/>
  </testcase> <!-- TC10_CreateAnAccount -->
  <testcase name="TC02_LoginToSFDC" classname="SaleForceTest">
    <skipped/>
  </testcase> <!-- TC02_LoginToSFDC -->
  <testcase name="TC12_EditView" classname="SaleForceTest">
    <skipped/>
  </testcase> <!-- TC12_EditView -->
  <testcase name="TC17_OpportunityPipelineReport" classname="SaleForceTest">
    <skipped/>
  </testcase> <!-- TC17_OpportunityPipelineReport -->
  <testcase name="TC04B_WrongCredential" classname="SaleForceTest">
    <skipped/>
  </testcase> <!-- TC04B_WrongCredential -->
  <testcase name="TC07_MySettings" classname="SaleForceTest">
    <skipped/>
  </testcase> <!-- TC07_MySettings -->
  <testcase name="TC15_VerifyOpportunityDropDown" classname="SaleForceTest">
    <skipped/>
  </testcase> <!-- TC15_VerifyOpportunityDropDown -->
  <testcase name="TC11_CreateNewView" classname="SaleForceTest">
    <skipped/>
  </testcase> <!-- TC11_CreateNewView -->
  <testcase name="TC03_RememberUserNameChecked" classname="SaleForceTest">
    <skipped/>
  </testcase> <!-- TC03_RememberUserNameChecked -->
  <testcase name="TC05_SelectUserMenu" classname="SaleForceTest">
    <skipped/>
  </testcase> <!-- TC05_SelectUserMenu -->
  <testcase name="TC13_MergeAccounts" classname="SaleForceTest">
    <skipped/>
  </testcase> <!-- TC13_MergeAccounts -->
  <testcase name="TC06_MyProfileOption" classname="SaleForceTest">
    <skipped/>
  </testcase> <!-- TC06_MyProfileOption -->
  <testcase name="TC20_LeadsTab" classname="SaleForceTest">
    <skipped/>
  </testcase> <!-- TC20_LeadsTab -->
</testsuite> <!-- SaleForceTest -->
