<?xml version="1.0" encoding="UTF-8"?>
<!-- Generated by org.testng.reporters.JUnitReportReporter -->
<testsuite skipped="0" hostname="DESKTOP-1IL03V1" name="com.demo.SaleForceTest" tests="4" failures="0" timestamp="19 Jul 2019 04:02:02 GMT" time="68.325" errors="0">
  <testcase name="TC01_loginWithoutPassword" time="10.991" classname="com.demo.SaleForceTest"/>
  <testcase name="TC03_RememberUserNameChecked" time="25.520" classname="com.demo.SaleForceTest"/>
  <testcase name="TC04A_ForgotPassword" time="17.789" classname="com.demo.SaleForceTest"/>
  <testcase name="TC02_LoginToSFDC" time="14.025" classname="com.demo.SaleForceTest"/>
</testsuite> <!-- com.demo.SaleForceTest -->
